<?xml version="1.0" encoding="UTF-8"?>
<testsuite name="baseball.ValidationTest" tests="4" skipped="0" failures="0" errors="0" timestamp="2023-12-13T07:57:04" hostname="gimjin-uui-MacBookPro.local" time="0.032">
  <properties/>
  <testcase name="올바르지 않은 입력 값인 경우 예외 발생 ()" classname="baseball.ValidationTest" time="0.01"/>
  <testcase name="올바른 재시작 값인 경우 테스트 ()" classname="baseball.ValidationTest" time="0.018"/>
  <testcase name="올바르지 않은 재시작 값인 경우 예외 발생 ()" classname="baseball.ValidationTest" time="0.0"/>
  <testcase name="올바른 입력 값인 경우 테스트 ()" classname="baseball.ValidationTest" time="0.001"/>
  <system-out><![CDATA[[ERROR] 3가지 숫자를 입력해야 합니다.
[ERROR] 1또는 2를 입력해야 합니다.
]]></system-out>
  <system-err><![CDATA[]]></system-err>
</testsuite>
