<?xml version="1.0" encoding="UTF-8"?>
<testsuite name="racingcar.domain.ScoreboardTest" tests="2" skipped="0" failures="0" errors="0" timestamp="2023-12-15T09:38:17" hostname="gimjin-uui-MacBookPro.local" time="0.001">
  <properties/>
  <testcase name="정상적인 라운드 증가 테스트()" classname="racingcar.domain.ScoreboardTest" time="0.0"/>
  <testcase name="우승자 선정 기능 테스트()" classname="racingcar.domain.ScoreboardTest" time="0.0"/>
  <system-out><![CDATA[]]></system-out>
  <system-err><![CDATA[]]></system-err>
</testsuite>
