<?xml version="1.0" encoding="UTF-8"?>
<testsuite name="christmas.ApplicationTest" tests="4" skipped="0" failures="0" errors="0" timestamp="2023-12-15T07:25:30" hostname="gimjin-uui-MacBookPro.local" time="0.069">
  <properties/>
  <testcase name="혜택 내역 없음 출력()" classname="christmas.ApplicationTest" time="0.061"/>
  <testcase name="주문 예외 테스트()" classname="christmas.ApplicationTest" time="0.002"/>
  <testcase name="날짜 예외 테스트()" classname="christmas.ApplicationTest" time="0.002"/>
  <testcase name="모든 타이틀 출력()" classname="christmas.ApplicationTest" time="0.003"/>
  <system-out><![CDATA[안녕하세요! 우테코 식당 12월 이벤트 플래너입니다.
12월 중 식당 예상 방문 날짜는 언제인가요? (숫자만 입력해 주세요!)
주문하실 메뉴를 메뉴와 개수를 알려 주세요. (e.g. 해산물파스타-2,레드와인-1,초코케이크-1)
12월 26일에 우테코 식당에서 받을 이벤트 혜택 미리 보기!

<주문 메뉴>
타파스 1개
제로콜라 1개

<할인 전 총주문 금액>
8,500원

<증정 메뉴>
없음

<혜택 내역>
없음

<총혜택 금액>
0

<할인 후 예상 결제 금액>
8,500원

<12월 이벤트 배지>
없음
안녕하세요! 우테코 식당 12월 이벤트 플래너입니다.
12월 중 식당 예상 방문 날짜는 언제인가요? (숫자만 입력해 주세요!)
주문하실 메뉴를 메뉴와 개수를 알려 주세요. (e.g. 해산물파스타-2,레드와인-1,초코케이크-1)
[ERROR] 유효하지 않은 주문입니다. 다시 입력해 주세요.
주문하실 메뉴를 메뉴와 개수를 알려 주세요. (e.g. 해산물파스타-2,레드와인-1,초코케이크-1)
안녕하세요! 우테코 식당 12월 이벤트 플래너입니다.
12월 중 식당 예상 방문 날짜는 언제인가요? (숫자만 입력해 주세요!)
[ERROR] 유효하지 않은 날짜입니다. 다시 입력해 주세요.
12월 중 식당 예상 방문 날짜는 언제인가요? (숫자만 입력해 주세요!)
안녕하세요! 우테코 식당 12월 이벤트 플래너입니다.
12월 중 식당 예상 방문 날짜는 언제인가요? (숫자만 입력해 주세요!)
주문하실 메뉴를 메뉴와 개수를 알려 주세요. (e.g. 해산물파스타-2,레드와인-1,초코케이크-1)
12월 26일에 우테코 식당에서 받을 이벤트 혜택 미리 보기!

<주문 메뉴>
티본스테이크 1개
바비큐립 1개
초코케이크 2개
제로콜라 1개

<할인 전 총주문 금액>
142,000원

<증정 메뉴>
샴페인 1개

<혜택 내역>
크리스마스 디데이 할인: -1,200원
평일 할인: -2,023원
특별 할인: -1,000원
증정 이벤트: -25,000원

<총혜택 금액>
29,223원

<할인 후 예상 결제 금액>
112,777원

<12월 이벤트 배지>
산타
]]></system-out>
  <system-err><![CDATA[]]></system-err>
</testsuite>
