<?xml version="1.0" encoding="UTF-8"?>
<testsuite name="lotto.domain.LottoValidationTest" tests="8" skipped="0" failures="0" errors="0" timestamp="2023-12-15T09:38:17" hostname="gimjin-uui-MacBookPro.local" time="0.006">
  <properties/>
  <testcase name="보너스 넘버가 중복 번호인 경우 예외 테스트()" classname="lotto.domain.LottoValidationTest" time="0.003"/>
  <testcase name="보너스 넘버가 로또 번호가 아닌 경우 예외 테스트()" classname="lotto.domain.LottoValidationTest" time="0.001"/>
  <testcase name="정확하지 않은 로또 번호가 존재하는 경우 예외 테스트()" classname="lotto.domain.LottoValidationTest" time="0.0"/>
  <testcase name="로또 번호가 너무 적은 경우 예외 테스트()" classname="lotto.domain.LottoValidationTest" time="0.001"/>
  <testcase name="올바른 로또 넘버 생성 테스트()" classname="lotto.domain.LottoValidationTest" time="0.0"/>
  <testcase name="올바른 보너스 넘버 생성 테스트()" classname="lotto.domain.LottoValidationTest" time="0.0"/>
  <testcase name="로또 번호에 중복 값이 존재하는 경우 예외 테스트()" classname="lotto.domain.LottoValidationTest" time="0.0"/>
  <testcase name="로또 번호가 너무 많은 경우 예외 테스트()" classname="lotto.domain.LottoValidationTest" time="0.0"/>
  <system-out><![CDATA[]]></system-out>
  <system-err><![CDATA[]]></system-err>
</testsuite>
