<?xml version="1.0" encoding="UTF-8"?>
<testsuite name="baseball.ResultTest" tests="4" skipped="0" failures="0" errors="0" timestamp="2023-12-13T08:07:01" hostname="gimjin-uui-MacBookPro.local" time="0.027">
  <properties/>
  <testcase name="ball 테스트()" classname="baseball.ResultTest" time="0.023"/>
  <testcase name="notting 테스트()" classname="baseball.ResultTest" time="0.0"/>
  <testcase name="strike 테스트()" classname="baseball.ResultTest" time="0.001"/>
  <testcase name="strike and ball 테스트()" classname="baseball.ResultTest" time="0.0"/>
  <system-out><![CDATA[]]></system-out>
  <system-err><![CDATA[]]></system-err>
</testsuite>
