<?xml version="1.0" encoding="UTF-8"?>
<testsuite name="lotto.domain.ResultStateTest" tests="6" skipped="0" failures="0" errors="0" timestamp="2023-12-15T09:38:17" hostname="gimjin-uui-MacBookPro.local" time="0.002">
  <properties/>
  <testcase name="예외 처리에 대한 테스트()" classname="lotto.domain.ResultStateTest" time="0.0"/>
  <testcase name="정확한 5등 측정에 대한 테스트()" classname="lotto.domain.ResultStateTest" time="0.0"/>
  <testcase name="정확한 4등 측정에 대한 테스트()" classname="lotto.domain.ResultStateTest" time="0.0"/>
  <testcase name="정확한 3등 측정에 대한 테스트()" classname="lotto.domain.ResultStateTest" time="0.0"/>
  <testcase name="정확한 2등 측정에 대한 테스트()" classname="lotto.domain.ResultStateTest" time="0.0"/>
  <testcase name="정확한 1등 측정에 대한 테스트()" classname="lotto.domain.ResultStateTest" time="0.0"/>
  <system-out><![CDATA[]]></system-out>
  <system-err><![CDATA[]]></system-err>
</testsuite>
