<?xml version="1.0" encoding="UTF-8"?>
<testsuite name="lotto.InputValidationTest" tests="4" skipped="0" failures="0" errors="0" timestamp="2023-12-15T09:38:17" hostname="gimjin-uui-MacBookPro.local" time="0.002">
  <properties/>
  <testcase name="사용자 구매 금액이 정확하지 않은 경우 예외 테스트()" classname="lotto.InputValidationTest" time="0.0"/>
  <testcase name="사용자 구매 금액이 숫자가 아닌 경우 예외 테스트()" classname="lotto.InputValidationTest" time="0.001"/>
  <testcase name="사용자 구매 금액이 너무 적은 경우 예외 테스트()" classname="lotto.InputValidationTest" time="0.001"/>
  <testcase name="사용자 구매 금액의 유효성 검사()" classname="lotto.InputValidationTest" time="0.0"/>
  <system-out><![CDATA[]]></system-out>
  <system-err><![CDATA[]]></system-err>
</testsuite>
