<?xml version="1.0" encoding="UTF-8"?>
<testsuite name="lotto.domain.WinningManagerTest" tests="7" skipped="0" failures="0" errors="0" timestamp="2023-12-15T06:50:00" hostname="gimjin-uui-MacBookPro.local" time="0.036">
  <properties/>
  <testcase name="4등 로또 결과 유효성 검사()" classname="lotto.domain.WinningManagerTest" time="0.027"/>
  <testcase name="로또 결과가 1등 부터 5등까지를 포함하는지 유효성 검사()" classname="lotto.domain.WinningManagerTest" time="0.001"/>
  <testcase name="2등 로또 결과 유효성 검사()" classname="lotto.domain.WinningManagerTest" time="0.0"/>
  <testcase name="5등 로또 결과 유효성 검사()" classname="lotto.domain.WinningManagerTest" time="0.0"/>
  <testcase name="로또 결과지의 초기화 여부 검사()" classname="lotto.domain.WinningManagerTest" time="0.0"/>
  <testcase name="3등 로또 결과 유효성 검사()" classname="lotto.domain.WinningManagerTest" time="0.001"/>
  <testcase name="1등 로또 결과 유효성 검사()" classname="lotto.domain.WinningManagerTest" time="0.001"/>
  <system-out><![CDATA[]]></system-out>
  <system-err><![CDATA[]]></system-err>
</testsuite>
