<?xml version="1.0" encoding="UTF-8"?>
<testsuite name="lotto.domain.LottoManagerTest" tests="2" skipped="0" failures="0" errors="0" timestamp="2023-12-15T09:38:17" hostname="gimjin-uui-MacBookPro.local" time="0.001">
  <properties/>
  <testcase name="로또 구매량 정확성 테스트()" classname="lotto.domain.LottoManagerTest" time="0.0"/>
  <testcase name="수익률 계산 정확성 테스트()" classname="lotto.domain.LottoManagerTest" time="0.0"/>
  <system-out><![CDATA[]]></system-out>
  <system-err><![CDATA[]]></system-err>
</testsuite>
