<?xml version="1.0" encoding="UTF-8"?>
<testsuite name="ApplicationTest" tests="2" skipped="0" failures="0" errors="0" timestamp="2023-12-15T09:38:17" hostname="gimjin-uui-MacBookPro.local" time="0.432">
  <properties/>
  <testcase name="예외 테스트()" classname="ApplicationTest" time="0.016"/>
  <testcase name="게임종료 후 재시작()" classname="ApplicationTest" time="0.415"/>
  <system-out><![CDATA[숫자 야구 게임을 시작합니다.
숫자를 입력해주세요 : [ERROR] 3가지 숫자를 입력해야 합니다.
숫자 야구 게임을 시작합니다.
숫자를 입력해주세요 : 낫싱
숫자를 입력해주세요 : 3스트라이크
3개의 숫자를 모두 맞히셨습니다! 게임 종료
게임을 새로 시작하려면 1, 종료하려면 2를 입력하세요.
숫자를 입력해주세요 : 1볼 1스트라이크
숫자를 입력해주세요 : 3스트라이크
3개의 숫자를 모두 맞히셨습니다! 게임 종료
게임을 새로 시작하려면 1, 종료하려면 2를 입력하세요.
]]></system-out>
  <system-err><![CDATA[]]></system-err>
</testsuite>
